<?xml version="1.0" encoding="UTF-8"?>
<!-- Generated by org.testng.reporters.JUnitReportReporter -->
<testsuite skipped="0" hostname="DESKTOP-TD6L0N5" name="tests.AddProductToShoppingCartTest" tests="4" failures="0" timestamp="30 Dec 2019 00:08:54 GMT" time="22.014" errors="0">
  <testcase name="UserCanSearchWithAutoSuggest" time="13.063" classname="tests.AddProductToShoppingCartTest"/>
  <testcase name="UserCanAddProductToShoppingCart" time="5.571" classname="tests.AddProductToShoppingCartTest"/>
  <testcase name="addQunatity" time="2.022" classname="tests.AddProductToShoppingCartTest"/>
  <testcase name="UserCanRemoveProductFromCart" time="1.358" classname="tests.AddProductToShoppingCartTest"/>
</testsuite> <!-- tests.AddProductToShoppingCartTest -->
