<?xml version="1.0" encoding="UTF-8"?>
<!-- Generated by org.testng.reporters.JUnitReportReporter -->
<testsuite skipped="0" hostname="DESKTOP-TD6L0N5" name="tests.UserRegisterationTestWithJavaFaker" tests="3" failures="0" timestamp="03 Jan 2020 17:14:05 GMT" time="8.380" errors="0">
  <testcase name="RegisteredUserCanLogout" time="1.757" classname="tests.UserRegisterationTestWithJavaFaker"/>
  <testcase name="RegisteredUserCanLogin" time="2.759" classname="tests.UserRegisterationTestWithJavaFaker"/>
  <testcase name="UserCanRegisterSuccessfully" time="3.864" classname="tests.UserRegisterationTestWithJavaFaker"/>
</testsuite> <!-- tests.UserRegisterationTestWithJavaFaker -->
